<?xml version="1.0" encoding="UTF-8"?>
<testng-results ignored="0" total="1" passed="1" failed="0" skipped="0">
  <reporter-output>
  </reporter-output>
  <suite started-at="2023-05-15T13:31:31 IST" name="Default suite" finished-at="2023-05-15T13:32:25 IST" duration-ms="53766">
    <groups>
    </groups>
    <test started-at="2023-05-15T13:31:31 IST" name="Default test" finished-at="2023-05-15T13:32:25 IST" duration-ms="53766">
      <class name="saucelab.trading">
        <test-method signature="test()[pri:0, instance:saucelab.trading@6f1de4c7]" started-at="2023-05-15T13:31:31 IST" name="test" finished-at="2023-05-15T13:32:25 IST" duration-ms="53674" status="PASS">
          <reporter-output>
          </reporter-output>
        </test-method> <!-- test -->
      </class> <!-- saucelab.trading -->
    </test> <!-- Default test -->
  </suite> <!-- Default suite -->
</testng-results>
